<?xml version="1.0" encoding="UTF-8"?>
<testng-results skipped="0" failed="0" total="1" passed="1">
  <reporter-output>
  </reporter-output>
  <suite name="Suite" duration-ms="213128" started-at="2019-12-09T12:05:41Z" finished-at="2019-12-09T12:09:14Z">
    <groups>
      <group name="cucumber">
        <method signature="AbstractTestNGCucumberTests.feature(cucumber.api.testng.CucumberFeatureWrapper)[pri:0, instance:cucumberTests.TestRunner@43a25848]" name="feature" class="cucumber.api.testng.AbstractTestNGCucumberTests"/>
      </group> <!-- cucumber -->
    </groups>
    <test name="Test" duration-ms="213128" started-at="2019-12-09T12:05:41Z" finished-at="2019-12-09T12:09:14Z">
      <class name="cucumberTests.TestRunner">
        <test-method status="PASS" signature="setUpClass()[pri:0, instance:cucumberTests.TestRunner@43a25848]" name="setUpClass" is-config="true" duration-ms="2950" started-at="2019-12-09T17:35:41Z" finished-at="2019-12-09T17:35:44Z">
          <reporter-output>
          </reporter-output>
        </test-method> <!-- setUpClass -->
        <test-method status="PASS" signature="feature(cucumber.api.testng.CucumberFeatureWrapper)[pri:0, instance:cucumberTests.TestRunner@43a25848]" name="feature" duration-ms="208742" started-at="2019-12-09T17:35:45Z" description="Runs Cucumber Feature" data-provider="features" finished-at="2019-12-09T17:39:14Z">
          <params>
            <param index="0">
              <value>
                <![CDATA[Test the Loan calculator functionality]]>
              </value>
            </param>
          </params>
          <reporter-output>
          </reporter-output>
        </test-method> <!-- feature -->
        <test-method status="PASS" signature="tearDownClass()[pri:0, instance:cucumberTests.TestRunner@43a25848]" name="tearDownClass" is-config="true" duration-ms="651" started-at="2019-12-09T17:39:14Z" finished-at="2019-12-09T17:39:14Z">
          <reporter-output>
          </reporter-output>
        </test-method> <!-- tearDownClass -->
      </class> <!-- cucumberTests.TestRunner -->
    </test> <!-- Test -->
  </suite> <!-- Suite -->
</testng-results>
